# JRE version: OpenJDK Runtime Environment GraalVM CE 22.3.0 (17.0.5+8) (build 17.0.5+8-jvmci-22.3-b08)
# Java VM: OpenJDK 64-Bit Server VM GraalVM CE 22.3.0 (17.0.5+8-jvmci-22.3-b08, mixed mode, sharing, tiered, jvmci, jvmci compiler, compressed oops, compressed class ptrs, parallel gc, linux-amd64)
GC Precious Log:
 CPUs: 8 total, 1 available
 Memory: 1024M
 Large Page Support: Disabled
 NUMA Support: Disabled
 Compressed Oops: Enabled (32-bit)
 Alignments: Space 512K, Generation 512K, Heap 2M
 Heap Min Capacity: 100M
 Heap Initial Capacity: 100M
 Heap Max Capacity: 512M
 Pre-touch: Disabled
 Parallel Workers: 1
Heap:
 PSYoungGen      total 28672K, used 21504K [0x00000000f5580000, 0x00000000f7a00000, 0x0000000100000000)
  eden space 21504K, 100% used [0x00000000f5580000,0x00000000f6a80000,0x00000000f6a80000)
  from space 7168K, 0% used [0x00000000f6a80000,0x00000000f6a80000,0x00000000f7180000)
  to   space 6656K, 0% used [0x00000000f7200000,0x00000000f7200000,0x00000000f7880000)
 ParOldGen       total 349696K, used 349694K [0x00000000e0000000, 0x00000000f5580000, 0x00000000f5580000)
  object space 349696K, 99% used [0x00000000e0000000,0x00000000f557f8d8,0x00000000f5580000)
 Metaspace       used 59365K, committed 60160K, reserved 1105920K
  class space    used 5754K, committed 6080K, reserved 1048576K
GC Heap History (20 events):
Event: 813.213 GC heap before
{Heap before GC invocations=525 (full 407):
 PSYoungGen      total 28672K, used 21503K [0x00000000f5580000, 0x00000000f7a00000, 0x0000000100000000)
  eden space 21504K, 99% used [0x00000000f5580000,0x00000000f6a7ffc0,0x00000000f6a80000)
  from space 7168K, 0% used [0x00000000f6a80000,0x00000000f6a80000,0x00000000f7180000)
  to   space 6656K, 0% used [0x00000000f7200000,0x00000000f7200000,0x00000000f7880000)
 ParOldGen       total 349696K, used 349695K [0x00000000e0000000, 0x00000000f5580000, 0x00000000f5580000)
  object space 349696K, 99% used [0x00000000e0000000,0x00000000f557fe28,0x00000000f5580000)
 Metaspace       used 59363K, committed 60160K, reserved 1105920K
  class space    used 5754K, committed 6080K, reserved 1048576K
}
Event: 815.614 GC heap after
{Heap after GC invocations=525 (full 407):
 PSYoungGen      total 28160K, used 21503K [0x00000000f5580000, 0x00000000f7a00000, 0x0000000100000000)
  eden space 21504K, 99% used [0x00000000f5580000,0x00000000f6a7ff78,0x00000000f6a80000)
  from space 6656K, 0% used [0x00000000f7200000,0x00000000f7200000,0x00000000f7880000)
  to   space 7168K, 0% used [0x00000000f6a80000,0x00000000f6a80000,0x00000000f7180000)
 ParOldGen       total 349696K, used 349695K [0x00000000e0000000, 0x00000000f5580000, 0x00000000f5580000)
  object space 349696K, 99% used [0x00000000e0000000,0x00000000f557fe28,0x00000000f5580000)
 Metaspace       used 59363K, committed 60160K, reserved 1105920K
  class space    used 5754K, committed 6080K, reserved 1048576K
}
Event: 815.619 GC heap before
{Heap before GC invocations=526 (full 408):
 PSYoungGen      total 28160K, used 21504K [0x00000000f5580000, 0x00000000f7a00000, 0x0000000100000000)
  eden space 21504K, 100% used [0x00000000f5580000,0x00000000f6a80000,0x00000000f6a80000)
  from space 6656K, 0% used [0x00000000f7200000,0x00000000f7200000,0x00000000f7880000)
  to   space 7168K, 0% used [0x00000000f6a80000,0x00000000f6a80000,0x00000000f7180000)
 ParOldGen       total 349696K, used 349695K [0x00000000e0000000, 0x00000000f5580000, 0x00000000f5580000)
  object space 349696K, 99% used [0x00000000e0000000,0x00000000f557fe28,0x00000000f5580000)
 Metaspace       used 59363K, committed 60160K, reserved 1105920K
  class space    used 5754K, committed 6080K, reserved 1048576K
}
Event: 818.777 GC heap after
{Heap after GC invocations=526 (full 408):
 PSYoungGen      total 28672K, used 21503K [0x00000000f5580000, 0x00000000f7a00000, 0x0000000100000000)
  eden space 21504K, 99% used [0x00000000f5580000,0x00000000f6a7ff68,0x00000000f6a80000)
  from space 7168K, 0% used [0x00000000f6a80000,0x00000000f6a80000,0x00000000f7180000)
  to   space 6656K, 0% used [0x00000000f7200000,0x00000000f7200000,0x00000000f7880000)
 ParOldGen       total 349696K, used 349695K [0x00000000e0000000, 0x00000000f5580000, 0x00000000f5580000)
  object space 349696K, 99% used [0x00000000e0000000,0x00000000f557fe10,0x00000000f5580000)
 Metaspace       used 59363K, committed 60160K, reserved 1105920K
  class space    used 5754K, committed 6080K, reserved 1048576K
}
Event: 818.778 GC heap before
{Heap before GC invocations=527 (full 409):
 PSYoungGen      total 28672K, used 21504K [0x00000000f5580000, 0x00000000f7a00000, 0x0000000100000000)
  eden space 21504K, 100% used [0x00000000f5580000,0x00000000f6a80000,0x00000000f6a80000)
  from space 7168K, 0% used [0x00000000f6a80000,0x00000000f6a80000,0x00000000f7180000)
  to   space 6656K, 0% used [0x00000000f7200000,0x00000000f7200000,0x00000000f7880000)
 ParOldGen       total 349696K, used 349695K [0x00000000e0000000, 0x00000000f5580000, 0x00000000f5580000)
  object space 349696K, 99% used [0x00000000e0000000,0x00000000f557fe10,0x00000000f5580000)
 Metaspace       used 59363K, committed 60160K, reserved 1105920K
  class space    used 5754K, committed 6080K, reserved 1048576K
}
Event: 821.781 GC heap after
{Heap after GC invocations=527 (full 409):
 PSYoungGen      total 28160K, used 21503K [0x00000000f5580000, 0x00000000f7a00000, 0x0000000100000000)
  eden space 21504K, 99% used [0x00000000f5580000,0x00000000f6a7ff70,0x00000000f6a80000)
  from space 6656K, 0% used [0x00000000f7200000,0x00000000f7200000,0x00000000f7880000)
  to   space 7168K, 0% used [0x00000000f6a80000,0x00000000f6a80000,0x00000000f7180000)
 ParOldGen       total 349696K, used 349695K [0x00000000e0000000, 0x00000000f5580000, 0x00000000f5580000)
  object space 349696K, 99% used [0x00000000e0000000,0x00000000f557fd90,0x00000000f5580000)
 Metaspace       used 59363K, committed 60160K, reserved 1105920K
  class space    used 5754K, committed 6080K, reserved 1048576K
}
Event: 821.782 GC heap before
{Heap before GC invocations=528 (full 410):
 PSYoungGen      total 28160K, used 21504K [0x00000000f5580000, 0x00000000f7a00000, 0x0000000100000000)
  eden space 21504K, 100% used [0x00000000f5580000,0x00000000f6a80000,0x00000000f6a80000)
  from space 6656K, 0% used [0x00000000f7200000,0x00000000f7200000,0x00000000f7880000)
  to   space 7168K, 0% used [0x00000000f6a80000,0x00000000f6a80000,0x00000000f7180000)
 ParOldGen       total 349696K, used 349695K [0x00000000e0000000, 0x00000000f5580000, 0x00000000f5580000)
  object space 349696K, 99% used [0x00000000e0000000,0x00000000f557fd90,0x00000000f5580000)
 Metaspace       used 59363K, committed 60160K, reserved 1105920K
  class space    used 5754K, committed 6080K, reserved 1048576K
}
Event: 824.275 GC heap after
{Heap after GC invocations=528 (full 410):
 PSYoungGen      total 28672K, used 21503K [0x00000000f5580000, 0x00000000f7a00000, 0x0000000100000000)
  eden space 21504K, 99% used [0x00000000f5580000,0x00000000f6a7ff70,0x00000000f6a80000)
  from space 7168K, 0% used [0x00000000f6a80000,0x00000000f6a80000,0x00000000f7180000)
  to   space 6656K, 0% used [0x00000000f7200000,0x00000000f7200000,0x00000000f7880000)
 ParOldGen       total 349696K, used 349695K [0x00000000e0000000, 0x00000000f5580000, 0x00000000f5580000)
  object space 349696K, 99% used [0x00000000e0000000,0x00000000f557fd78,0x00000000f5580000)
 Metaspace       used 59363K, committed 60160K, reserved 1105920K
  class space    used 5754K, committed 6080K, reserved 1048576K
}
Event: 824.275 GC heap before
{Heap before GC invocations=529 (full 411):
 PSYoungGen      total 28672K, used 21503K [0x00000000f5580000, 0x00000000f7a00000, 0x0000000100000000)
  eden space 21504K, 99% used [0x00000000f5580000,0x00000000f6a7ffe0,0x00000000f6a80000)
  from space 7168K, 0% used [0x00000000f6a80000,0x00000000f6a80000,0x00000000f7180000)
  to   space 6656K, 0% used [0x00000000f7200000,0x00000000f7200000,0x00000000f7880000)
 ParOldGen       total 349696K, used 349695K [0x00000000e0000000, 0x00000000f5580000, 0x00000000f5580000)
  object space 349696K, 99% used [0x00000000e0000000,0x00000000f557fd78,0x00000000f5580000)
 Metaspace       used 59363K, committed 60160K, reserved 1105920K
  class space    used 5754K, committed 6080K, reserved 1048576K
}
Event: 826.977 GC heap after
{Heap after GC invocations=529 (full 411):
 PSYoungGen      total 28160K, used 21503K [0x00000000f5580000, 0x00000000f7a00000, 0x0000000100000000)
  eden space 21504K, 99% used [0x00000000f5580000,0x00000000f6a7ffa8,0x00000000f6a80000)
  from space 6656K, 0% used [0x00000000f7200000,0x00000000f7200000,0x00000000f7880000)
  to   space 7168K, 0% used [0x00000000f6a80000,0x00000000f6a80000,0x00000000f7180000)
 ParOldGen       total 349696K, used 349695K [0x00000000e0000000, 0x00000000f5580000, 0x00000000f5580000)
  object space 349696K, 99% used [0x00000000e0000000,0x00000000f557fd78,0x00000000f5580000)
 Metaspace       used 59363K, committed 60160K, reserved 1105920K
  class space    used 5754K, committed 6080K, reserved 1048576K
}
Event: 826.977 GC heap before
{Heap before GC invocations=530 (full 412):
 PSYoungGen      total 28160K, used 21503K [0x00000000f5580000, 0x00000000f7a00000, 0x0000000100000000)
  eden space 21504K, 99% used [0x00000000f5580000,0x00000000f6a7ffa8,0x00000000f6a80000)
  from space 6656K, 0% used [0x00000000f7200000,0x00000000f7200000,0x00000000f7880000)
  to   space 7168K, 0% used [0x00000000f6a80000,0x00000000f6a80000,0x00000000f7180000)
 ParOldGen       total 349696K, used 349695K [0x00000000e0000000, 0x00000000f5580000, 0x00000000f5580000)
  object space 349696K, 99% used [0x00000000e0000000,0x00000000f557fd78,0x00000000f5580000)
 Metaspace       used 59363K, committed 60160K, reserved 1105920K
  class space    used 5754K, committed 6080K, reserved 1048576K
}
Event: 829.049 GC heap after
{Heap after GC invocations=530 (full 412):
 PSYoungGen      total 28672K, used 21503K [0x00000000f5580000, 0x00000000f7a00000, 0x0000000100000000)
  eden space 21504K, 99% used [0x00000000f5580000,0x00000000f6a7ffa8,0x00000000f6a80000)
  from space 7168K, 0% used [0x00000000f6a80000,0x00000000f6a80000,0x00000000f7180000)
  to   space 6656K, 0% used [0x00000000f7200000,0x00000000f7200000,0x00000000f7880000)
 ParOldGen       total 349696K, used 349695K [0x00000000e0000000, 0x00000000f5580000, 0x00000000f5580000)
  object space 349696K, 99% used [0x00000000e0000000,0x00000000f557fd78,0x00000000f5580000)
 Metaspace       used 59363K, committed 60160K, reserved 1105920K
  class space    used 5754K, committed 6080K, reserved 1048576K
}
Event: 829.052 GC heap before
{Heap before GC invocations=531 (full 413):
 PSYoungGen      total 28672K, used 21503K [0x00000000f5580000, 0x00000000f7a00000, 0x0000000100000000)
  eden space 21504K, 99% used [0x00000000f5580000,0x00000000f6a7ffa8,0x00000000f6a80000)
  from space 7168K, 0% used [0x00000000f6a80000,0x00000000f6a80000,0x00000000f7180000)
  to   space 6656K, 0% used [0x00000000f7200000,0x00000000f7200000,0x00000000f7880000)
 ParOldGen       total 349696K, used 349695K [0x00000000e0000000, 0x00000000f5580000, 0x00000000f5580000)
  object space 349696K, 99% used [0x00000000e0000000,0x00000000f557fd78,0x00000000f5580000)
 Metaspace       used 59363K, committed 60160K, reserved 1105920K
  class space    used 5754K, committed 6080K, reserved 1048576K
}
Event: 830.978 GC heap after
{Heap after GC invocations=531 (full 413):
 PSYoungGen      total 28160K, used 21503K [0x00000000f5580000, 0x00000000f7a00000, 0x0000000100000000)
  eden space 21504K, 99% used [0x00000000f5580000,0x00000000f6a7ffa8,0x00000000f6a80000)
  from space 6656K, 0% used [0x00000000f7200000,0x00000000f7200000,0x00000000f7880000)
  to   space 7168K, 0% used [0x00000000f6a80000,0x00000000f6a80000,0x00000000f7180000)
 ParOldGen       total 349696K, used 349695K [0x00000000e0000000, 0x00000000f5580000, 0x00000000f5580000)
  object space 349696K, 99% used [0x00000000e0000000,0x00000000f557fd78,0x00000000f5580000)
 Metaspace       used 59363K, committed 60160K, reserved 1105920K
  class space    used 5754K, committed 6080K, reserved 1048576K
}
Event: 830.978 GC heap before
{Heap before GC invocations=532 (full 414):
 PSYoungGen      total 28160K, used 21503K [0x00000000f5580000, 0x00000000f7a00000, 0x0000000100000000)
  eden space 21504K, 99% used [0x00000000f5580000,0x00000000f6a7ffa8,0x00000000f6a80000)
  from space 6656K, 0% used [0x00000000f7200000,0x00000000f7200000,0x00000000f7880000)
  to   space 7168K, 0% used [0x00000000f6a80000,0x00000000f6a80000,0x00000000f7180000)
 ParOldGen       total 349696K, used 349695K [0x00000000e0000000, 0x00000000f5580000, 0x00000000f5580000)
  object space 349696K, 99% used [0x00000000e0000000,0x00000000f557fd78,0x00000000f5580000)
 Metaspace       used 59363K, committed 60160K, reserved 1105920K
  class space    used 5754K, committed 6080K, reserved 1048576K
}
Event: 832.996 GC heap after
{Heap after GC invocations=532 (full 414):
 PSYoungGen      total 28672K, used 21503K [0x00000000f5580000, 0x00000000f7a00000, 0x0000000100000000)
  eden space 21504K, 99% used [0x00000000f5580000,0x00000000f6a7ffa8,0x00000000f6a80000)
  from space 7168K, 0% used [0x00000000f6a80000,0x00000000f6a80000,0x00000000f7180000)
  to   space 6656K, 0% used [0x00000000f7200000,0x00000000f7200000,0x00000000f7880000)
 ParOldGen       total 349696K, used 349695K [0x00000000e0000000, 0x00000000f5580000, 0x00000000f5580000)
  object space 349696K, 99% used [0x00000000e0000000,0x00000000f557fd78,0x00000000f5580000)
 Metaspace       used 59363K, committed 60160K, reserved 1105920K
  class space    used 5754K, committed 6080K, reserved 1048576K
}
Event: 833.001 GC heap before
{Heap before GC invocations=533 (full 415):
 PSYoungGen      total 28672K, used 21503K [0x00000000f5580000, 0x00000000f7a00000, 0x0000000100000000)
  eden space 21504K, 99% used [0x00000000f5580000,0x00000000f6a7fff8,0x00000000f6a80000)
  from space 7168K, 0% used [0x00000000f6a80000,0x00000000f6a80000,0x00000000f7180000)
  to   space 6656K, 0% used [0x00000000f7200000,0x00000000f7200000,0x00000000f7880000)
 ParOldGen       total 349696K, used 349695K [0x00000000e0000000, 0x00000000f5580000, 0x00000000f5580000)
  object space 349696K, 99% used [0x00000000e0000000,0x00000000f557fff0,0x00000000f5580000)
 Metaspace       used 59365K, committed 60160K, reserved 1105920K
  class space    used 5754K, committed 6080K, reserved 1048576K
}
Event: 835.009 GC heap after
{Heap after GC invocations=533 (full 415):
 PSYoungGen      total 28160K, used 21503K [0x00000000f5580000, 0x00000000f7a00000, 0x0000000100000000)
  eden space 21504K, 99% used [0x00000000f5580000,0x00000000f6a7ff20,0x00000000f6a80000)
  from space 6656K, 0% used [0x00000000f7200000,0x00000000f7200000,0x00000000f7880000)
  to   space 7168K, 0% used [0x00000000f6a80000,0x00000000f6a80000,0x00000000f7180000)
 ParOldGen       total 349696K, used 349693K [0x00000000e0000000, 0x00000000f5580000, 0x00000000f5580000)
  object space 349696K, 99% used [0x00000000e0000000,0x00000000f557f5a8,0x00000000f5580000)
 Metaspace       used 59365K, committed 60160K, reserved 1105920K
  class space    used 5754K, committed 6080K, reserved 1048576K
}
Event: 835.009 GC heap before
{Heap before GC invocations=534 (full 416):
 PSYoungGen      total 28160K, used 21503K [0x00000000f5580000, 0x00000000f7a00000, 0x0000000100000000)
  eden space 21504K, 99% used [0x00000000f5580000,0x00000000f6a7ff20,0x00000000f6a80000)
  from space 6656K, 0% used [0x00000000f7200000,0x00000000f7200000,0x00000000f7880000)
  to   space 7168K, 0% used [0x00000000f6a80000,0x00000000f6a80000,0x00000000f7180000)
 ParOldGen       total 349696K, used 349693K [0x00000000e0000000, 0x00000000f5580000, 0x00000000f5580000)
  object space 349696K, 99% used [0x00000000e0000000,0x00000000f557f5a8,0x00000000f5580000)
 Metaspace       used 59365K, committed 60160K, reserved 1105920K
  class space    used 5754K, committed 6080K, reserved 1048576K
}
Event: 837.775 GC heap after
{Heap after GC invocations=534 (full 416):
 PSYoungGen      total 28672K, used 21503K [0x00000000f5580000, 0x00000000f7a00000, 0x0000000100000000)
  eden space 21504K, 99% used [0x00000000f5580000,0x00000000f6a7ff20,0x00000000f6a80000)
  from space 7168K, 0% used [0x00000000f6a80000,0x00000000f6a80000,0x00000000f7180000)
  to   space 6656K, 0% used [0x00000000f7200000,0x00000000f7200000,0x00000000f7880000)
 ParOldGen       total 349696K, used 349693K [0x00000000e0000000, 0x00000000f5580000, 0x00000000f5580000)
  object space 349696K, 99% used [0x00000000e0000000,0x00000000f557f5a8,0x00000000f5580000)
 Metaspace       used 59365K, committed 60160K, reserved 1105920K
  class space    used 5754K, committed 6080K, reserved 1048576K
}

